<?xml version="1.0" encoding="UTF-8"?>
<!-- Generated by org.testng.reporters.JUnitXMLReporter -->
<testsuite ignored="0" hostname="186c772740e05b3" failures="0" tests="14" name="Test" time="113.213" errors="0" timestamp="2025-03-19T16:40:45 IST">
  <testcase classname="testcases.yakshaHealthAppTestCase" name="verifyTitleOfTheHomePage" time="4.757"/>
  <testcase classname="testcases.yakshaHealthAppTestCase" name="verifySelectCounterPopupIsPresentAndNavigateToNextpage" time="7.897"/>
  <testcase classname="testcases.yakshaHealthAppTestCase" name="performKeyBoardOperationToOpenAddNewPatientPopup" time="2.816"/>
  <testcase classname="testcases.yakshaHealthAppTestCase" name="fillTheTextFieldInAddNewPatientPopup" time="1.024"/>
  <testcase classname="testcases.yakshaHealthAppTestCase" name="verifyEnteredValueIsPresent" time="0.767"/>
  <testcase classname="testcases.yakshaHealthAppTestCase" name="verifyIndiaIsSelectedFromCountryDropdown" time="1.827"/>
  <testcase classname="testcases.yakshaHealthAppTestCase" name="validateErrorMessageWhenClickOnRegisterBillingButton" time="0.297"/>
  <testcase classname="testcases.yakshaHealthAppTestCase" name="verifyDispensaryArrowIsExpanding" time="4.081"/>
  <testcase classname="testcases.yakshaHealthAppTestCase" name="verifyDispensaryArrowIsMinimizing" time="0.127"/>
  <testcase classname="testcases.yakshaHealthAppTestCase" name="verifyControlScrollingFromDispensaryToSettingModule" time="1.22"/>
  <testcase classname="testcases.yakshaHealthAppTestCase" name="searchForApatientAndViewDetailsOfSelectedPatient" time="32.124"/>
  <testcase classname="testcases.yakshaHealthAppTestCase" name="takeScreenshotOfDoctorPage" time="5.367"/>
  <testcase classname="testcases.yakshaHealthAppTestCase" name="deactivateUserByManagingTheAlertPopup" time="0.503"/>
  <testcase classname="testcases.yakshaHealthAppTestCase" name="verifyTooltipOfAnElement" time="0.594"/>
</testsuite> <!-- Test -->
